<?xml version="1.0" encoding="UTF-8"?>
<!-- Generated by org.testng.reporters.JUnitReportReporter -->
<testsuite hostname="LAPTOP-MCD2560Q" failures="0" tests="1" name="testCases.DemoTestCase2" time="2.191" errors="0" timestamp="2024-02-05T14:38:31 IST" skipped="0">
  <testcase classname="testCases.DemoTestCase2" name="negative_Tc_01" time="2.191"/>
  <system-out/>
</testsuite> <!-- testCases.DemoTestCase2 -->
