<?xml version="1.0" encoding="UTF-8"?>
<!-- Generated by org.testng.reporters.JUnitReportReporter -->
<testsuite hostname="LAPTOP-MCD2560Q" failures="0" tests="2" name="testCases.DemoTestCase" time="32.305" errors="0" timestamp="2024-02-05T15:18:44 IST" skipped="0">
  <testcase classname="testCases.DemoTestCase" name="positive_Tc_01" time="30.425"/>
  <system-out/>
  <testcase classname="testCases.DemoTestCase" name="negative_Tc_01" time="1.880"/>
  <system-out/>
</testsuite> <!-- testCases.DemoTestCase -->
