<?xml version="1.0" encoding="UTF-8"?>
<!-- Generated by org.testng.reporters.JUnitReportReporter -->
<testsuite hostname="LAPTOP-MCD2560Q" failures="0" tests="2" name="testCases.DemoTestCase" time="25.820" errors="0" timestamp="2024-02-05T15:51:40 IST" skipped="0">
  <testcase classname="testCases.DemoTestCase" name="positive_Tc_01" time="24.288"/>
  <system-out/>
  <testcase classname="testCases.DemoTestCase" name="negative_Tc_01" time="1.532"/>
  <system-out/>
</testsuite> <!-- testCases.DemoTestCase -->
